Using pre-set license
Built from '2021.3/staging' branch; Version is '2021.3.6f1 (7da38d85baf6) revision 8233869'; Using compiler version '192829333'; Build Type 'Release'
OS: 'Windows 11  (10.0.22000) 64bit Core' Language: 'en' Physical Memory: 16126 MB
BatchMode: 1, IsHumanControllingUs: 0, StartBugReporterOnCrash: 0, Is64bit: 1, IsPro: 1

COMMAND LINE ARGUMENTS:
C:\Program Files\Unity\Hub\Editor\2021.3.6f1\Editor\Unity.exe
-adb2
-batchMode
-noUpm
-name
AssetImportWorker0
-projectPath
C:/Users/robda/OneDrive/Documents/GitHub/Game-Jammers/Manikin-Horror-Game -James Backup
-logFile
Logs/AssetImportWorker0.log
-srvPort
61091
Successfully changed project path to: C:/Users/robda/OneDrive/Documents/GitHub/Game-Jammers/Manikin-Horror-Game -James Backup
C:/Users/robda/OneDrive/Documents/GitHub/Game-Jammers/Manikin-Horror-Game -James Backup
[UnityMemory] Configuration Parameters - Can be set up in boot.config
    "memorysetup-bucket-allocator-granularity=16"
    "memorysetup-bucket-allocator-bucket-count=8"
    "memorysetup-bucket-allocator-block-size=33554432"
    "memorysetup-bucket-allocator-block-count=8"
    "memorysetup-main-allocator-block-size=16777216"
    "memorysetup-thread-allocator-block-size=16777216"
    "memorysetup-gfx-main-allocator-block-size=16777216"
    "memorysetup-gfx-thread-allocator-block-size=16777216"
    "memorysetup-cache-allocator-block-size=4194304"
    "memorysetup-typetree-allocator-block-size=2097152"
    "memorysetup-profiler-bucket-allocator-granularity=16"
    "memorysetup-profiler-bucket-allocator-bucket-count=8"
    "memorysetup-profiler-bucket-allocator-block-size=33554432"
    "memorysetup-profiler-bucket-allocator-block-count=8"
    "memorysetup-profiler-allocator-block-size=16777216"
    "memorysetup-profiler-editor-allocator-block-size=1048576"
    "memorysetup-temp-allocator-size-main=16777216"
    "memorysetup-job-temp-allocator-block-size=2097152"
    "memorysetup-job-temp-allocator-block-size-background=1048576"
    "memorysetup-job-temp-allocator-reduction-small-platforms=262144"
    "memorysetup-temp-allocator-size-background-worker=32768"
    "memorysetup-temp-allocator-size-job-worker=262144"
    "memorysetup-temp-allocator-size-preload-manager=33554432"
    "memorysetup-temp-allocator-size-nav-mesh-worker=65536"
    "memorysetup-temp-allocator-size-audio-worker=65536"
    "memorysetup-temp-allocator-size-cloud-worker=32768"
    "memorysetup-temp-allocator-size-gi-baking-worker=262144"
    "memorysetup-temp-allocator-size-gfx=262144"
Refreshing native plugins compatible for Editor in 68.10 ms, found 3 plugins.
Preloading 0 native plugins for Editor in 0.00 ms.
Initialize engine version: 2021.3.6f1 (7da38d85baf6)
[Subsystems] Discovering subsystems at path C:/Program Files/Unity/Hub/Editor/2021.3.6f1/Editor/Data/Resources/UnitySubsystems
[Subsystems] Discovering subsystems at path C:/Users/robda/OneDrive/Documents/GitHub/Game-Jammers/Manikin-Horror-Game -James Backup/Assets
GfxDevice: creating device client; threaded=0; jobified=0
Direct3D:
    Version:  Direct3D 11.0 [level 11.1]
    Renderer: NVIDIA GeForce RTX 3050 Laptop GPU (ID=0x25a2)
    Vendor:   NVIDIA
    VRAM:     3991 MB
    Driver:   30.0.15.1277
Initialize mono
Mono path[0] = 'C:/Program Files/Unity/Hub/Editor/2021.3.6f1/Editor/Data/Managed'
Mono path[1] = 'C:/Program Files/Unity/Hub/Editor/2021.3.6f1/Editor/Data/MonoBleedingEdge/lib/mono/unityjit-win32'
Mono config path = 'C:/Program Files/Unity/Hub/Editor/2021.3.6f1/Editor/Data/MonoBleedingEdge/etc'
Using monoOptions --debugger-agent=transport=dt_socket,embedding=1,server=y,suspend=n,address=127.0.0.1:56920
Begin MonoManager ReloadAssembly
Registering precompiled unity dll's ...
Register platform support module: C:/Program Files/Unity/Hub/Editor/2021.3.6f1/Editor/Data/PlaybackEngines/WindowsStandaloneSupport/UnityEditor.WindowsStandalone.Extensions.dll
Registered in 0.005268 seconds.
Native extension for WindowsStandalone target not found
Refreshing native plugins compatible for Editor in 62.55 ms, found 3 plugins.
Preloading 0 native plugins for Editor in 0.00 ms.
Mono: successfully reloaded assembly
- Completed reload, in  0.507 seconds
Domain Reload Profiling:
	ReloadAssembly (507ms)
		BeginReloadAssembly (63ms)
			ExecutionOrderSort (0ms)
			DisableScriptedObjects (0ms)
			BackupInstance (0ms)
			ReleaseScriptingObjects (0ms)
			CreateAndSetChildDomain (1ms)
		EndReloadAssembly (344ms)
			LoadAssemblies (61ms)
			RebuildTransferFunctionScriptingTraits (0ms)
			SetupTypeCache (81ms)
			ReleaseScriptCaches (0ms)
			RebuildScriptCaches (20ms)
			SetupLoadedEditorAssemblies (202ms)
				LogAssemblyErrors (0ms)
				InitializePlatformSupportModulesInManaged (6ms)
				SetLoadedEditorAssemblies (0ms)
				RefreshPlugins (63ms)
				BeforeProcessingInitializeOnLoad (1ms)
				ProcessInitializeOnLoadAttributes (96ms)
				ProcessInitializeOnLoadMethodAttributes (36ms)
				AfterProcessingInitializeOnLoad (0ms)
				EditorAssembliesLoaded (0ms)
			ExecutionOrderSort2 (0ms)
			AwakeInstancesAfterBackupRestoration (0ms)
Platform modules already initialized, skipping
Registering precompiled user dll's ...
Registered in 0.005890 seconds.
Begin MonoManager ReloadAssembly
Symbol file LoadedFromMemory doesn't match image C:\Users\robda\OneDrive\Documents\GitHub\Game-Jammers\Manikin-Horror-Game -James Backup\Library\PackageCache\com.unity.visualscripting@1.7.8\Editor\VisualScripting.Core\Dependencies\YamlDotNet\Unity.VisualScripting.YamlDotNet.dll
Symbol file LoadedFromMemory doesn't match image C:\Users\robda\OneDrive\Documents\GitHub\Game-Jammers\Manikin-Horror-Game -James Backup\Library\PackageCache\com.unity.visualscripting@1.7.8\Editor\VisualScripting.Core\Dependencies\DotNetZip\Unity.VisualScripting.IonicZip.dll
Native extension for WindowsStandalone target not found
Refreshing native plugins compatible for Editor in 0.49 ms, found 3 plugins.
Preloading 0 native plugins for Editor in 0.00 ms.
Mono: successfully reloaded assembly
- Completed reload, in  0.841 seconds
Domain Reload Profiling:
	ReloadAssembly (842ms)
		BeginReloadAssembly (95ms)
			ExecutionOrderSort (0ms)
			DisableScriptedObjects (4ms)
			BackupInstance (0ms)
			ReleaseScriptingObjects (0ms)
			CreateAndSetChildDomain (18ms)
		EndReloadAssembly (643ms)
			LoadAssemblies (76ms)
			RebuildTransferFunctionScriptingTraits (0ms)
			SetupTypeCache (225ms)
			ReleaseScriptCaches (1ms)
			RebuildScriptCaches (40ms)
			SetupLoadedEditorAssemblies (279ms)
				LogAssemblyErrors (0ms)
				InitializePlatformSupportModulesInManaged (6ms)
				SetLoadedEditorAssemblies (0ms)
				RefreshPlugins (1ms)
				BeforeProcessingInitializeOnLoad (65ms)
				ProcessInitializeOnLoadAttributes (180ms)
				ProcessInitializeOnLoadMethodAttributes (21ms)
				AfterProcessingInitializeOnLoad (6ms)
				EditorAssembliesLoaded (0ms)
			ExecutionOrderSort2 (0ms)
			AwakeInstancesAfterBackupRestoration (4ms)
Platform modules already initialized, skipping
========================================================================
Worker process is ready to serve import requests
Launched and connected shader compiler UnityShaderCompiler.exe after 0.04 seconds
Refreshing native plugins compatible for Editor in 0.79 ms, found 3 plugins.
Preloading 0 native plugins for Editor in 0.00 ms.
Unloading 3403 Unused Serialized files (Serialized files now loaded: 0)
Unloading 25 unused Assets / (55.3 KB). Loaded Objects now: 3863.
Memory consumption went from 117.9 MB to 117.8 MB.
Total: 4.163000 ms (FindLiveObjects: 0.804500 ms CreateObjectMapping: 0.277500 ms MarkObjects: 2.953100 ms  DeleteObjects: 0.126300 ms)

AssetImportParameters requested are different than current active one (requested -> active):
  custom:video-decoder-ogg-theora: a1e56fd34408186e4bbccfd4996cb3dc -> 
  custom:container-muxer-webm: aa71ff27fc2769a1b78a27578f13a17b -> 
  custom:container-demuxer-webm: 4f35f7cbe854078d1ac9338744f61a02 -> 
  custom:video-encoder-webm-vp8: eb34c28f22e8b96e1ab97ce403110664 -> 
  custom:video-codec-MediaFoundation-h265: 746d11721c4dcdbdad8f713fa42b33f4 -> 
  custom:audio-encoder-webm-vorbis: bf7c407c2cedff20999df2af8eb42d56 -> 
  custom:framework-win-MediaFoundation: 216162199b28c13a410421893ffa2e32 -> 
  custom:container-demuxer-ogg: 62fdf1f143b41e24485cea50d1cbac27 -> 
  custom:video-decoder-webm-vp8: 9c59270c3fd7afecdb556c50c9e8de78 -> 
  custom:audio-decoder-ogg-vorbis: bf7c407c2cedff20999df2af8eb42d56 -> 
========================================================================
Received Import Request.
  Time since last request: 94202.288945 seconds.
  path: Assets/assets/body with ear.fbx
  artifactKey: Guid(eca40e160180d6b4fbd7e6985dbd6900) Importer(815301076,1909f56bfc062723c751e8b465ee728b)
Start importing Assets/assets/body with ear.fbx using Guid(eca40e160180d6b4fbd7e6985dbd6900) Importer(815301076,1909f56bfc062723c751e8b465ee728b)  -> (artifact id: 'd7cdfa732035d064b13db8aa247451c6') in 0.154754 seconds 
========================================================================
Received Import Request.
  Time since last request: 0.000026 seconds.
  path: Assets/assets/chair.fbx
  artifactKey: Guid(de1bf340bdb24934d8ed6034b3388f93) Importer(815301076,1909f56bfc062723c751e8b465ee728b)
Start importing Assets/assets/chair.fbx using Guid(de1bf340bdb24934d8ed6034b3388f93) Importer(815301076,1909f56bfc062723c751e8b465ee728b)  -> (artifact id: '329170ce964db981dd2916703f86a671') in 0.063206 seconds 
========================================================================
Received Import Request.
  Time since last request: 0.000061 seconds.
  path: Assets/Items/Item4.asset
  artifactKey: Guid(cd90043998562dd49a829077845e6c0e) Importer(815301076,1909f56bfc062723c751e8b465ee728b)
Start importing Assets/Items/Item4.asset using Guid(cd90043998562dd49a829077845e6c0e) Importer(815301076,1909f56bfc062723c751e8b465ee728b)  -> (artifact id: '4a3b2e52cbd88dd6fd50f362de348b18') in 0.005127 seconds 
========================================================================
Received Import Request.
  Time since last request: 0.000023 seconds.
  path: Assets/Materials/Floor_detect.mat
  artifactKey: Guid(3b9ef40be6007404da248490466dbdf7) Importer(815301076,1909f56bfc062723c751e8b465ee728b)
Start importing Assets/Materials/Floor_detect.mat using Guid(3b9ef40be6007404da248490466dbdf7) Importer(815301076,1909f56bfc062723c751e8b465ee728b)  -> (artifact id: '8a64e9f4119bf9b3ea71c013600d8cc6') in 0.011922 seconds 
========================================================================
Received Import Request.
  Time since last request: 0.000055 seconds.
  path: Assets/assets/boiler.fbx
  artifactKey: Guid(f9ffa316bcc820348a284c4286b4cacd) Importer(815301076,1909f56bfc062723c751e8b465ee728b)
Start importing Assets/assets/boiler.fbx using Guid(f9ffa316bcc820348a284c4286b4cacd) Importer(815301076,1909f56bfc062723c751e8b465ee728b)  -> (artifact id: '445074a7737e7f8cdb09cc526bcd643b') in 0.056931 seconds 
========================================================================
Received Import Request.
  Time since last request: 0.000034 seconds.
  path: Assets/assets/body with nose.fbx
  artifactKey: Guid(daf7efab7a9b6d849ad94ee56d44d5ae) Importer(815301076,1909f56bfc062723c751e8b465ee728b)
Start importing Assets/assets/body with nose.fbx using Guid(daf7efab7a9b6d849ad94ee56d44d5ae) Importer(815301076,1909f56bfc062723c751e8b465ee728b)  -> (artifact id: '0f5ff4e641797841909cd75ec11f04cf') in 0.018711 seconds 
========================================================================
Received Import Request.
  Time since last request: 0.000026 seconds.
  path: Assets/Materials/Test.mat
  artifactKey: Guid(3af952a4f4cad914f9eba93d1ed03a89) Importer(815301076,1909f56bfc062723c751e8b465ee728b)
Start importing Assets/Materials/Test.mat using Guid(3af952a4f4cad914f9eba93d1ed03a89) Importer(815301076,1909f56bfc062723c751e8b465ee728b)  -> (artifact id: '2b3a06b6bd582af1a0831ca418d0201f') in 0.008833 seconds 
========================================================================
Received Import Request.
  Time since last request: 0.000019 seconds.
  path: Assets/Items/Item2.asset
  artifactKey: Guid(178aaaadc21bb9840ad0caea2a349e97) Importer(815301076,1909f56bfc062723c751e8b465ee728b)
Start importing Assets/Items/Item2.asset using Guid(178aaaadc21bb9840ad0caea2a349e97) Importer(815301076,1909f56bfc062723c751e8b465ee728b)  -> (artifact id: '85b4e294e9dd8def98e87a0ae1a96bb1') in 0.004796 seconds 
========================================================================
Received Import Request.
  Time since last request: 0.000029 seconds.
  path: Assets/Materials/Test floor.mat
  artifactKey: Guid(6ac29014932893c45aca7f9822d71cf0) Importer(815301076,1909f56bfc062723c751e8b465ee728b)
Start importing Assets/Materials/Test floor.mat using Guid(6ac29014932893c45aca7f9822d71cf0) Importer(815301076,1909f56bfc062723c751e8b465ee728b)  -> (artifact id: '1f062e1e73accc22a8a6d600f33a66ac') in 0.009031 seconds 
========================================================================
Received Import Request.
  Time since last request: 0.000018 seconds.
  path: Assets/assets/box 2fbx.fbx
  artifactKey: Guid(6605ae044af0890478895f3f92491764) Importer(815301076,1909f56bfc062723c751e8b465ee728b)
Start importing Assets/assets/box 2fbx.fbx using Guid(6605ae044af0890478895f3f92491764) Importer(815301076,1909f56bfc062723c751e8b465ee728b)  -> (artifact id: '89cbc7b7d62820dac5cd35a867f0404d') in 0.024982 seconds 
========================================================================
Received Import Request.
  Time since last request: 0.000017 seconds.
  path: Assets/Items/Item1.asset
  artifactKey: Guid(5bb8933e2737b534d8fe675e7367619a) Importer(815301076,1909f56bfc062723c751e8b465ee728b)
Start importing Assets/Items/Item1.asset using Guid(5bb8933e2737b534d8fe675e7367619a) Importer(815301076,1909f56bfc062723c751e8b465ee728b)  -> (artifact id: 'ed5dbd1bb54dab230f74343232d0f58d') in 0.003139 seconds 
Editor requested this worker to shutdown with reason: Scaling down because of idle timeout
AssetImportWorker is now disconnected from the server
Process exiting
Exiting without the bug reporter. Application will terminate with return code 0